POST: Array
(
)
SESSION: Array
(
    [admin_id] => 1
    [admin_username] => admin
    [admin_logged_in] => 1
)
POST: Array
(
)
SESSION: Array
(
    [admin_id] => 1
    [admin_username] => admin
    [admin_logged_in] => 1
)
POST: Array
(
)
SESSION: Array
(
    [admin_id] => 1
    [admin_username] => admin
    [admin_logged_in] => 1
)
POST: Array
(
)
SESSION: Array
(
    [admin_id] => 1
    [admin_username] => admin
    [admin_logged_in] => 1
)
POST: Array
(
)
SESSION: Array
(
    [admin_id] => 1
    [admin_username] => admin
    [admin_logged_in] => 1
)
POST: Array
(
)
SESSION: Array
(
    [admin_id] => 1
    [admin_username] => admin
    [admin_logged_in] => 1
)
POST: Array
(
)
SESSION: Array
(
    [admin_id] => 1
    [admin_username] => admin
    [admin_logged_in] => 1
)
POST: Array
(
)
SESSION: Array
(
    [admin_id] => 1
    [admin_username] => admin
    [admin_logged_in] => 1
)
POST: Array
(
)
SESSION: Array
(
    [admin_id] => 1
    [admin_username] => admin
    [admin_logged_in] => 1
)
POST: Array
(
)
SESSION: Array
(
    [admin_id] => 1
    [admin_username] => admin
    [admin_logged_in] => 1
)
